<?xml version="1.0" encoding="UTF-8"?>
<coverage generated="1751841490431" clover="3.2.0">
  <project timestamp="1751841490431" name="All files">
    <metrics statements="52" coveredstatements="52" conditionals="21" coveredconditionals="20" methods="13" coveredmethods="13" elements="86" coveredelements="85" complexity="0" loc="52" ncloc="52" packages="1" files="6" classes="6"/>
    <file name="api.ts" path="/Users/devinhedge/Library/CloudStorage/Dropbox/workspace/obsidian-portfolio/auto-classifier-v2/src/api.ts">
      <metrics statements="10" coveredstatements="10" conditionals="15" coveredconditionals="14" methods="1" coveredmethods="1"/>
      <line num="1" count="1" type="stmt"/>
      <line num="2" count="1" type="stmt"/>
      <line num="4" count="1" type="stmt"/>
      <line num="17" count="4" type="stmt"/>
      <line num="23" count="4" type="stmt"/>
      <line num="24" count="4" type="stmt"/>
      <line num="37" count="2" type="cond" truecount="1" falsecount="1"/>
      <line num="39" count="2" type="cond" truecount="5" falsecount="0"/>
      <line num="40" count="1" type="stmt"/>
      <line num="42" count="1" type="stmt"/>
    </file>
    <file name="main.ts" path="/Users/devinhedge/Library/CloudStorage/Dropbox/workspace/obsidian-portfolio/auto-classifier-v2/src/main.ts">
      <metrics statements="11" coveredstatements="11" conditionals="0" coveredconditionals="0" methods="3" coveredmethods="3"/>
      <line num="1" count="1" type="stmt"/>
      <line num="2" count="1" type="stmt"/>
      <line num="3" count="1" type="stmt"/>
      <line num="4" count="1" type="stmt"/>
      <line num="7" count="1" type="stmt"/>
      <line num="12" count="1" type="stmt"/>
      <line num="13" count="1" type="stmt"/>
      <line num="17" count="1" type="stmt"/>
      <line num="21" count="2" type="stmt"/>
      <line num="25" count="1" type="stmt"/>
      <line num="31" count="1" type="stmt"/>
    </file>
    <file name="settings.ts" path="/Users/devinhedge/Library/CloudStorage/Dropbox/workspace/obsidian-portfolio/auto-classifier-v2/src/settings.ts">
      <metrics statements="12" coveredstatements="12" conditionals="0" coveredconditionals="0" methods="5" coveredmethods="5"/>
      <line num="1" count="2" type="stmt"/>
      <line num="6" count="2" type="stmt"/>
      <line num="9" count="3" type="stmt"/>
      <line num="10" count="3" type="stmt"/>
      <line num="14" count="2" type="stmt"/>
      <line num="15" count="2" type="stmt"/>
      <line num="18" count="2" type="stmt"/>
      <line num="21" count="1" type="stmt"/>
      <line num="24" count="1" type="stmt"/>
      <line num="25" count="1" type="stmt"/>
      <line num="26" count="1" type="stmt"/>
      <line num="35" count="2" type="stmt"/>
    </file>
    <file name="template.ts" path="/Users/devinhedge/Library/CloudStorage/Dropbox/workspace/obsidian-portfolio/auto-classifier-v2/src/template.ts">
      <metrics statements="3" coveredstatements="3" conditionals="0" coveredconditionals="0" methods="0" coveredmethods="0"/>
      <line num="1" count="1" type="stmt"/>
      <line num="2" count="1" type="stmt"/>
      <line num="14" count="1" type="stmt"/>
    </file>
    <file name="types.ts" path="/Users/devinhedge/Library/CloudStorage/Dropbox/workspace/obsidian-portfolio/auto-classifier-v2/src/types.ts">
      <metrics statements="13" coveredstatements="13" conditionals="6" coveredconditionals="6" methods="3" coveredmethods="3"/>
      <line num="28" count="2" type="cond" truecount="2" falsecount="0"/>
      <line num="29" count="2" type="stmt"/>
      <line num="30" count="2" type="stmt"/>
      <line num="31" count="2" type="stmt"/>
      <line num="34" count="2" type="cond" truecount="2" falsecount="0"/>
      <line num="35" count="2" type="stmt"/>
      <line num="36" count="2" type="stmt"/>
      <line num="39" count="2" type="cond" truecount="2" falsecount="0"/>
      <line num="40" count="2" type="stmt"/>
      <line num="41" count="2" type="stmt"/>
      <line num="42" count="2" type="stmt"/>
      <line num="43" count="2" type="stmt"/>
      <line num="46" count="2" type="stmt"/>
    </file>
    <file name="view-manager.ts" path="/Users/devinhedge/Library/CloudStorage/Dropbox/workspace/obsidian-portfolio/auto-classifier-v2/src/view-manager.ts">
      <metrics statements="3" coveredstatements="3" conditionals="0" coveredconditionals="0" methods="1" coveredmethods="1"/>
      <line num="4" count="2" type="stmt"/>
      <line num="6" count="2" type="stmt"/>
      <line num="10" count="3" type="stmt"/>
    </file>
  </project>
</coverage>
