{"/Users/devinhedge/Library/CloudStorage/Dropbox/workspace/obsidian-portfolio/auto-classifier-v2/src/api.ts": {"path":"/Users/devinhedge/Library/CloudStorage/Dropbox/workspace/obsidian-portfolio/auto-classifier-v2/src/api.ts","statementMap":{"0":{"start":{"line":1,"column":0},"end":{"line":1,"column":27}},"1":{"start":{"line":2,"column":0},"end":{"line":2,"column":28}},"2":{"start":{"line":17,"column":17},"end":{"line":21,"column":4}},"3":{"start":{"line":23,"column":2},"end":{"line":43,"column":null}},"4":{"start":{"line":24,"column":22},"end":{"line":35,"column":5}},"5":{"start":{"line":37,"column":3},"end":{"line":37,"column":54}},"6":{"start":{"line":39,"column":3},"end":{"line":41,"column":null}},"7":{"start":{"line":40,"column":4},"end":{"line":40,"column":76}},"8":{"start":{"line":42,"column":3},"end":{"line":42,"column":15}},"9":{"start":{"line":4,"column":0},"end":{"line":4,"column":13}}},"fnMap":{"0":{"name":"(anonymous_0)","decl":{"start":{"line":5,"column":1},"end":{"line":5,"column":7}},"loc":{"start":{"line":15,"column":18},"end":{"line":44,"column":null}}}},"branchMap":{"0":{"loc":{"start":{"line":9,"column":2},"end":{"line":9,"column":33}},"type":"default-arg","locations":[{"start":{"line":9,"column":18},"end":{"line":9,"column":33}}]},"1":{"loc":{"start":{"line":10,"column":2},"end":{"line":10,"column":26}},"type":"default-arg","locations":[{"start":{"line":10,"column":23},"end":{"line":10,"column":26}}]},"2":{"loc":{"start":{"line":11,"column":2},"end":{"line":11,"column":25}},"type":"default-arg","locations":[{"start":{"line":11,"column":24},"end":{"line":11,"column":25}}]},"3":{"loc":{"start":{"line":12,"column":2},"end":{"line":12,"column":22}},"type":"default-arg","locations":[{"start":{"line":12,"column":18},"end":{"line":12,"column":22}}]},"4":{"loc":{"start":{"line":13,"column":2},"end":{"line":13,"column":31}},"type":"default-arg","locations":[{"start":{"line":13,"column":30},"end":{"line":13,"column":31}}]},"5":{"loc":{"start":{"line":14,"column":2},"end":{"line":14,"column":32}},"type":"default-arg","locations":[{"start":{"line":14,"column":29},"end":{"line":14,"column":32}}]},"6":{"loc":{"start":{"line":20,"column":12},"end":{"line":20,"column":50}},"type":"binary-expr","locations":[{"start":{"line":20,"column":12},"end":{"line":20,"column":19}},{"start":{"line":20,"column":23},"end":{"line":20,"column":50}}]},"7":{"loc":{"start":{"line":37,"column":10},"end":{"line":37,"column":53}},"type":"binary-expr","locations":[{"start":{"line":37,"column":10},"end":{"line":37,"column":47}},{"start":{"line":37,"column":51},"end":{"line":37,"column":53}}]},"8":{"loc":{"start":{"line":39,"column":3},"end":{"line":41,"column":null}},"type":"if","locations":[{"start":{"line":39,"column":3},"end":{"line":41,"column":null}},{"start":{},"end":{}}]},"9":{"loc":{"start":{"line":39,"column":7},"end":{"line":39,"column":62}},"type":"binary-expr","locations":[{"start":{"line":39,"column":7},"end":{"line":39,"column":12}},{"start":{"line":39,"column":16},"end":{"line":39,"column":41}},{"start":{"line":39,"column":45},"end":{"line":39,"column":62}}]}},"s":{"0":1,"1":1,"2":4,"3":4,"4":4,"5":2,"6":2,"7":1,"8":1,"9":1},"f":{"0":4},"b":{"0":[3],"1":[3],"2":[3],"3":[4],"4":[4],"5":[4],"6":[4,3],"7":[2,0],"8":[1,1],"9":[2,2,2]}}
,"/Users/devinhedge/Library/CloudStorage/Dropbox/workspace/obsidian-portfolio/auto-classifier-v2/src/main.ts": {"path":"/Users/devinhedge/Library/CloudStorage/Dropbox/workspace/obsidian-portfolio/auto-classifier-v2/src/main.ts","statementMap":{"0":{"start":{"line":1,"column":0},"end":{"line":1,"column":42}},"1":{"start":{"line":2,"column":0},"end":{"line":2,"column":104}},"2":{"start":{"line":3,"column":0},"end":{"line":3,"column":54}},"3":{"start":{"line":4,"column":0},"end":{"line":4,"column":45}},"4":{"start":{"line":12,"column":8},"end":{"line":12,"column":34}},"5":{"start":{"line":13,"column":8},"end":{"line":13,"column":53}},"6":{"start":{"line":17,"column":8},"end":{"line":17,"column":73}},"7":{"start":{"line":21,"column":8},"end":{"line":21,"column":83}},"8":{"start":{"line":25,"column":8},"end":{"line":25,"column":43}},"9":{"start":{"line":7,"column":0},"end":{"line":7,"column":21}},"10":{"start":{"line":31,"column":0},"end":{"line":31,"column":76}}},"fnMap":{"0":{"name":"(anonymous_0)","decl":{"start":{"line":11,"column":10},"end":{"line":11,"column":16}},"loc":{"start":{"line":11,"column":16},"end":{"line":18,"column":null}}},"1":{"name":"(anonymous_2)","decl":{"start":{"line":20,"column":10},"end":{"line":20,"column":22}},"loc":{"start":{"line":20,"column":22},"end":{"line":22,"column":null}}},"2":{"name":"(anonymous_4)","decl":{"start":{"line":24,"column":10},"end":{"line":24,"column":22}},"loc":{"start":{"line":24,"column":22},"end":{"line":26,"column":null}}}},"branchMap":{},"s":{"0":1,"1":1,"2":1,"3":1,"4":1,"5":1,"6":1,"7":2,"8":1,"9":1,"10":1},"f":{"0":1,"1":2,"2":1},"b":{}}
,"/Users/devinhedge/Library/CloudStorage/Dropbox/workspace/obsidian-portfolio/auto-classifier-v2/src/settings.ts": {"path":"/Users/devinhedge/Library/CloudStorage/Dropbox/workspace/obsidian-portfolio/auto-classifier-v2/src/settings.ts","statementMap":{"0":{"start":{"line":1,"column":0},"end":{"line":1,"column":58}},"1":{"start":{"line":9,"column":8},"end":{"line":9,"column":27}},"2":{"start":{"line":10,"column":8},"end":{"line":10,"column":29}},"3":{"start":{"line":14,"column":32},"end":{"line":14,"column":36}},"4":{"start":{"line":15,"column":8},"end":{"line":15,"column":28}},"5":{"start":{"line":18,"column":8},"end":{"line":27,"column":20}},"6":{"start":{"line":21,"column":29},"end":{"line":27,"column":18}},"7":{"start":{"line":24,"column":42},"end":{"line":27,"column":18}},"8":{"start":{"line":25,"column":20},"end":{"line":25,"column":56}},"9":{"start":{"line":26,"column":20},"end":{"line":26,"column":53}},"10":{"start":{"line":6,"column":0},"end":{"line":6,"column":13}},"11":{"start":{"line":35,"column":0},"end":{"line":35,"column":75}}},"fnMap":{"0":{"name":"(anonymous_0)","decl":{"start":{"line":8,"column":4},"end":{"line":8,"column":16}},"loc":{"start":{"line":8,"column":37},"end":{"line":11,"column":5}}},"1":{"name":"(anonymous_1)","decl":{"start":{"line":13,"column":4},"end":{"line":13,"column":11}},"loc":{"start":{"line":13,"column":11},"end":{"line":30,"column":5}}},"2":{"name":"(anonymous_2)","decl":{"start":{"line":21,"column":21},"end":{"line":21,"column":25}},"loc":{"start":{"line":21,"column":29},"end":{"line":27,"column":18}}},"3":{"name":"(anonymous_3)","decl":{"start":{"line":24,"column":26},"end":{"line":24,"column":33}},"loc":{"start":{"line":24,"column":42},"end":{"line":27,"column":18}}},"4":{"name":"(anonymous_4)","decl":{"start":{"line":24,"column":42},"end":{"line":24,"column":null}},"loc":{"start":{"line":24,"column":42},"end":{"line":27,"column":17}}}},"branchMap":{},"s":{"0":2,"1":3,"2":3,"3":2,"4":2,"5":2,"6":1,"7":1,"8":1,"9":1,"10":2,"11":2},"f":{"0":3,"1":2,"2":1,"3":1,"4":1},"b":{}}
,"/Users/devinhedge/Library/CloudStorage/Dropbox/workspace/obsidian-portfolio/auto-classifier-v2/src/template.ts": {"path":"/Users/devinhedge/Library/CloudStorage/Dropbox/workspace/obsidian-portfolio/auto-classifier-v2/src/template.ts","statementMap":{"0":{"start":{"line":1,"column":13},"end":{"line":1,"column":88}},"1":{"start":{"line":2,"column":13},"end":{"line":12,"column":2}},"2":{"start":{"line":14,"column":13},"end":{"line":21,"column":2}}},"fnMap":{},"branchMap":{},"s":{"0":1,"1":1,"2":1},"f":{},"b":{}}
,"/Users/devinhedge/Library/CloudStorage/Dropbox/workspace/obsidian-portfolio/auto-classifier-v2/src/types.ts": {"path":"/Users/devinhedge/Library/CloudStorage/Dropbox/workspace/obsidian-portfolio/auto-classifier-v2/src/types.ts","statementMap":{"0":{"start":{"line":28,"column":0},"end":{"line":28,"column":null}},"1":{"start":{"line":29,"column":4},"end":{"line":29,"column":null}},"2":{"start":{"line":30,"column":4},"end":{"line":30,"column":null}},"3":{"start":{"line":31,"column":4},"end":{"line":31,"column":null}},"4":{"start":{"line":34,"column":0},"end":{"line":34,"column":null}},"5":{"start":{"line":35,"column":4},"end":{"line":35,"column":null}},"6":{"start":{"line":36,"column":4},"end":{"line":36,"column":null}},"7":{"start":{"line":39,"column":0},"end":{"line":39,"column":null}},"8":{"start":{"line":40,"column":4},"end":{"line":40,"column":null}},"9":{"start":{"line":41,"column":4},"end":{"line":41,"column":null}},"10":{"start":{"line":42,"column":4},"end":{"line":42,"column":null}},"11":{"start":{"line":43,"column":4},"end":{"line":43,"column":null}},"12":{"start":{"line":46,"column":13},"end":{"line":69,"column":2}}},"fnMap":{"0":{"name":"(anonymous_0)","decl":{"start":{"line":28,"column":0},"end":{"line":28,"column":12}},"loc":{"start":{"line":28,"column":25},"end":{"line":32,"column":1}}},"1":{"name":"(anonymous_1)","decl":{"start":{"line":34,"column":0},"end":{"line":34,"column":12}},"loc":{"start":{"line":34,"column":23},"end":{"line":37,"column":1}}},"2":{"name":"(anonymous_2)","decl":{"start":{"line":39,"column":0},"end":{"line":39,"column":12}},"loc":{"start":{"line":39,"column":19},"end":{"line":44,"column":1}}}},"branchMap":{"0":{"loc":{"start":{"line":28,"column":12},"end":{"line":28,"column":null}},"type":"binary-expr","locations":[{"start":{"line":28,"column":12},"end":{"line":28,"column":25}},{"start":{"line":28,"column":12},"end":{"line":28,"column":null}}]},"1":{"loc":{"start":{"line":34,"column":12},"end":{"line":34,"column":null}},"type":"binary-expr","locations":[{"start":{"line":34,"column":12},"end":{"line":34,"column":23}},{"start":{"line":34,"column":12},"end":{"line":34,"column":null}}]},"2":{"loc":{"start":{"line":39,"column":12},"end":{"line":39,"column":null}},"type":"binary-expr","locations":[{"start":{"line":39,"column":12},"end":{"line":39,"column":19}},{"start":{"line":39,"column":12},"end":{"line":39,"column":null}}]}},"s":{"0":2,"1":2,"2":2,"3":2,"4":2,"5":2,"6":2,"7":2,"8":2,"9":2,"10":2,"11":2,"12":2},"f":{"0":2,"1":2,"2":2},"b":{"0":[2,2],"1":[2,2],"2":[2,2]}}
,"/Users/devinhedge/Library/CloudStorage/Dropbox/workspace/obsidian-portfolio/auto-classifier-v2/src/view-manager.ts": {"path":"/Users/devinhedge/Library/CloudStorage/Dropbox/workspace/obsidian-portfolio/auto-classifier-v2/src/view-manager.ts","statementMap":{"0":{"start":{"line":4,"column":0},"end":{"line":4,"column":59}},"1":{"start":{"line":10,"column":8},"end":{"line":10,"column":23}},"2":{"start":{"line":6,"column":0},"end":{"line":6,"column":13}}},"fnMap":{"0":{"name":"(anonymous_0)","decl":{"start":{"line":9,"column":4},"end":{"line":9,"column":16}},"loc":{"start":{"line":9,"column":24},"end":{"line":11,"column":5}}}},"branchMap":{},"s":{"0":2,"1":3,"2":2},"f":{"0":3},"b":{}}
}
