TN:
SF:src/api.ts
FN:5,(anonymous_0)
FNF:1
FNH:1
FNDA:4,(anonymous_0)
DA:1,1
DA:2,1
DA:4,1
DA:17,4
DA:23,4
DA:24,4
DA:37,2
DA:39,2
DA:40,1
DA:42,1
LF:10
LH:10
BRDA:9,0,0,3
BRDA:10,1,0,3
BRDA:11,2,0,3
BRDA:12,3,0,4
BRDA:13,4,0,4
BRDA:14,5,0,4
BRDA:20,6,0,4
BRDA:20,6,1,3
BRDA:37,7,0,2
BRDA:37,7,1,0
BRDA:39,8,0,1
BRDA:39,8,1,1
BRDA:39,9,0,2
BRDA:39,9,1,2
BRDA:39,9,2,2
BRF:15
BRH:14
end_of_record
TN:
SF:src/main.ts
FN:11,(anonymous_0)
FN:20,(anonymous_2)
FN:24,(anonymous_4)
FNF:3
FNH:3
FNDA:1,(anonymous_0)
FNDA:2,(anonymous_2)
FNDA:1,(anonymous_4)
DA:1,1
DA:2,1
DA:3,1
DA:4,1
DA:7,1
DA:12,1
DA:13,1
DA:17,1
DA:21,2
DA:25,1
DA:31,1
LF:11
LH:11
BRF:0
BRH:0
end_of_record
TN:
SF:src/settings.ts
FN:8,(anonymous_0)
FN:13,(anonymous_1)
FN:21,(anonymous_2)
FN:24,(anonymous_3)
FN:24,(anonymous_4)
FNF:5
FNH:5
FNDA:3,(anonymous_0)
FNDA:2,(anonymous_1)
FNDA:1,(anonymous_2)
FNDA:1,(anonymous_3)
FNDA:1,(anonymous_4)
DA:1,2
DA:6,2
DA:9,3
DA:10,3
DA:14,2
DA:15,2
DA:18,2
DA:21,1
DA:24,1
DA:25,1
DA:26,1
DA:35,2
LF:12
LH:12
BRF:0
BRH:0
end_of_record
TN:
SF:src/template.ts
FNF:0
FNH:0
DA:1,1
DA:2,1
DA:14,1
LF:3
LH:3
BRF:0
BRH:0
end_of_record
TN:
SF:src/types.ts
FN:28,(anonymous_0)
FN:34,(anonymous_1)
FN:39,(anonymous_2)
FNF:3
FNH:3
FNDA:2,(anonymous_0)
FNDA:2,(anonymous_1)
FNDA:2,(anonymous_2)
DA:28,2
DA:29,2
DA:30,2
DA:31,2
DA:34,2
DA:35,2
DA:36,2
DA:39,2
DA:40,2
DA:41,2
DA:42,2
DA:43,2
DA:46,2
LF:13
LH:13
BRDA:28,0,0,2
BRDA:28,0,1,2
BRDA:34,1,0,2
BRDA:34,1,1,2
BRDA:39,2,0,2
BRDA:39,2,1,2
BRF:6
BRH:6
end_of_record
TN:
SF:src/view-manager.ts
FN:9,(anonymous_0)
FNF:1
FNH:1
FNDA:3,(anonymous_0)
DA:4,2
DA:6,2
DA:10,3
LF:3
LH:3
BRF:0
BRH:0
end_of_record
